0 info it worked if it ends with ok
1 verbose cli [ 'node', '/Users/stanleyn/.npmbrew/current/bin/npm', 'start' ]
2 info using npm@3.7.4
3 info using node@v0.12.2
4 verbose run-script [ 'prestart', 'start', 'poststart' ]
5 info lifecycle react-minimal@1.0.0~prestart: react-minimal@1.0.0
6 silly lifecycle react-minimal@1.0.0~prestart: no script for prestart, continuing
7 info lifecycle react-minimal@1.0.0~start: react-minimal@1.0.0
8 verbose lifecycle react-minimal@1.0.0~start: unsafe-perm in lifecycle true
9 verbose lifecycle react-minimal@1.0.0~start: PATH: /Users/stanleyn/.npmbrew/npm/v3.7.4/bin/node-gyp-bin:/Users/stanleyn/Projects/stanleyhlng/git/react-minimal/node_modules/.bin:/usr/local/bin:/usr/local/sbin:/Users/stanleyn/.npmbrew/current/bin:/usr/local/bin:/Users/stanleyn/bin:/Users/stanleyn/Projects/public/git/CasperJS/bin:/Applications/Atom.app/Contents/Resources/app/apm/bin:/usr/local/opt/android-sdk/platform_tools:/usr/local/opt/android-sdk/tools:/Users/stanleyn/Workspaces/Go/bin:/Users/stanleyn/.rvm/gems/ruby-2.1.2/bin:/Users/stanleyn/.rvm/gems/ruby-2.1.2@global/bin:/Users/stanleyn/.rvm/rubies/ruby-2.1.2/bin:/usr/local/bin:/usr/bin:/bin:/usr/sbin:/sbin:/opt/X11/bin:/usr/local/git/bin:/Users/stanleyn/.rvm/bin
10 verbose lifecycle react-minimal@1.0.0~start: CWD: /Users/stanleyn/Projects/stanleyhlng/git/react-minimal
11 silly lifecycle react-minimal@1.0.0~start: Args: [ '-c', 'node server.js' ]
12 silly lifecycle react-minimal@1.0.0~start: Returned: code: 1  signal: null
13 info lifecycle react-minimal@1.0.0~start: Failed to exec start script
14 verbose stack Error: react-minimal@1.0.0 start: `node server.js`
14 verbose stack Exit status 1
14 verbose stack     at EventEmitter.<anonymous> (/Users/stanleyn/.npmbrew/npm/v3.7.4/lib/utils/lifecycle.js:239:16)
14 verbose stack     at EventEmitter.emit (events.js:110:17)
14 verbose stack     at ChildProcess.<anonymous> (/Users/stanleyn/.npmbrew/npm/v3.7.4/lib/utils/spawn.js:24:14)
14 verbose stack     at ChildProcess.emit (events.js:110:17)
14 verbose stack     at maybeClose (child_process.js:1015:16)
14 verbose stack     at Process.ChildProcess._handle.onexit (child_process.js:1087:5)
15 verbose pkgid react-minimal@1.0.0
16 verbose cwd /Users/stanleyn/Projects/stanleyhlng/git/react-minimal
17 error Darwin 15.5.0
18 error argv "node" "/Users/stanleyn/.npmbrew/current/bin/npm" "start"
19 error node v0.12.2
20 error npm  v3.7.4
21 error code ELIFECYCLE
22 error react-minimal@1.0.0 start: `node server.js`
22 error Exit status 1
23 error Failed at the react-minimal@1.0.0 start script 'node server.js'.
23 error Make sure you have the latest version of node.js and npm installed.
23 error If you do, this is most likely a problem with the react-minimal package,
23 error not with npm itself.
23 error Tell the author that this fails on your system:
23 error     node server.js
23 error You can get information on how to open an issue for this project with:
23 error     npm bugs react-minimal
23 error Or if that isn't available, you can get their info via:
23 error     npm owner ls react-minimal
23 error There is likely additional logging output above.
24 verbose exit [ 1, true ]
